2020-10-04 13:20:29,400 - root - INFO - ############################### START ###############################
2020-10-04 13:20:32,957 - root - INFO - SUCCESS    Start a new browser: chrome, Spend 3.5549888610839844 seconds
2020-10-04 13:20:44,987 - root - INFO - SUCCESS    Navigated to https://login.xero.com/, Spend 12.028902053833008 seconds
2020-10-04 13:20:45,672 - root - INFO - SUCCESS    Get current window title as Login | Xero Accounting Software, Spend 0.6834850311279297 seconds
2020-10-04 13:20:45,932 - root - INFO - SUCCESS    Clear and type element: <xpath->//*[@id="email"]> content: testsxero07@gmail.com, Spend 0.2595670223236084 seconds
2020-10-04 13:20:46,059 - root - INFO - SUCCESS    Clear and type element: <xpath->//*[@id="password"]> content: Prove2020!!, Spend 0.12527942657470703 seconds
2020-10-04 13:20:58,453 - root - INFO - SUCCESS    Clicked element: <xpath->//*[@id="submitButton"]>, Spend 12.39169716835022 seconds
2020-10-04 13:21:07,966 - root - INFO - SUCCESS    Navigated to https://go.xero.com/OrganisationLogin/?shortCode=!6SZ5W, Spend 2.181107997894287 seconds
2020-10-04 13:21:07,970 - root - INFO - SUCCESS    Get current window title as Xero | Dashboard | test001, Spend 0.003776073455810547 seconds
2020-10-04 13:21:13,366 - root - INFO - SUCCESS    Navigated to https://go.xero.com/Bank/BankAccounts.aspx, Spend 3.394515037536621 seconds
2020-10-04 13:21:15,377 - root - INFO - SUCCESS    Get current window title as Xero | Bank accounts | test001, Spend 0.006608724594116211 seconds
2020-10-04 13:21:22,335 - root - INFO - SUCCESS    Clicked element: <xpath->//span[text()='Add Bank Account']>, Spend 6.957622051239014 seconds
2020-10-04 13:21:23,428 - root - INFO - SUCCESS    Element: <xpath->//li[text()='ANZ (NZ)']> is exist, Spend 1.0917470455169678 seconds
2020-10-04 13:21:28,544 - root - INFO - SUCCESS    Clicked element: <xpath->//li[text()='ANZ (NZ)']>, Spend 5.11499810218811 seconds
2020-10-04 13:21:40,680 - root - INFO - FAIL    Unable to clear and type element: <css->input[name^='accountname']> content: TestFromTristan20201004132128, Spend 10.12368392944336 seconds
2020-10-04 13:21:40,815 - root - INFO - SUCCESS    Closed all window and quit the driver, Spend 0.13353919982910156 seconds
2020-10-04 13:21:40,816 - root - INFO - ###############################  End  ###############################
2020-10-04 13:47:29,086 - root - INFO - ############################### START ###############################
2020-10-04 13:47:35,303 - root - INFO - SUCCESS    Start a new browser: chrome, Spend 6.214785099029541 seconds
2020-10-04 13:47:47,586 - root - INFO - SUCCESS    Navigated to https://login.xero.com/, Spend 12.281523942947388 seconds
2020-10-04 13:47:47,591 - root - INFO - SUCCESS    Get current window title as Login | Xero Accounting Software, Spend 0.0043528079986572266 seconds
2020-10-04 13:47:47,784 - root - INFO - SUCCESS    Clear and type element: <xpath->//*[@id="email"]> content: testsxero07@gmail.com, Spend 0.19215917587280273 seconds
2020-10-04 13:47:47,916 - root - INFO - SUCCESS    Clear and type element: <xpath->//*[@id="password"]> content: Prove2020!!, Spend 0.13126397132873535 seconds
2020-10-04 13:48:00,369 - root - INFO - SUCCESS    Clicked element: <xpath->//*[@id="submitButton"]>, Spend 12.451414108276367 seconds
2020-10-04 13:48:09,820 - root - INFO - SUCCESS    Navigated to https://go.xero.com/OrganisationLogin/?shortCode=!xX37G, Spend 2.2608749866485596 seconds
2020-10-04 13:48:09,829 - root - INFO - SUCCESS    Get current window title as Xero | Dashboard | test002, Spend 0.007133007049560547 seconds
2020-10-04 13:48:15,017 - root - INFO - SUCCESS    Navigated to https://go.xero.com/Bank/BankAccounts.aspx, Spend 3.184602737426758 seconds
2020-10-04 13:48:17,028 - root - INFO - SUCCESS    Get current window title as Xero | Bank accounts | test002, Spend 0.006498098373413086 seconds
2020-10-04 13:48:19,950 - root - INFO - SUCCESS    Clicked element: <xpath->//span[text()='Add Bank Account']>, Spend 2.9212310314178467 seconds
2020-10-04 13:48:21,126 - root - INFO - SUCCESS    Element: <xpath->//li[text()='ANZ (NZ)']> is exist, Spend 1.175441026687622 seconds
2020-10-04 13:48:21,371 - root - INFO - SUCCESS    Clicked element: <xpath->//li[text()='ANZ (NZ)']>, Spend 0.2430880069732666 seconds
2020-10-04 13:48:23,620 - root - INFO - SUCCESS    Clear and type element: <css->input[name^='accountname']> content: TestFromTristan20201004134821, Spend 0.23742294311523438 seconds
2020-10-04 13:48:25,720 - root - INFO - SUCCESS    Clicked element: <css->input[name^='accounttype']>, Spend 0.09512710571289062 seconds
2020-10-04 13:48:27,831 - root - INFO - SUCCESS    Clicked element: <xpath->//li[text()='Credit Card']>, Spend 0.10692977905273438 seconds
2020-10-04 13:48:31,953 - root - INFO - SUCCESS    Clicked element: <xpath->//input[starts-with(@name,'accountnumber') and @placeholder = '1234']>, Spend 0.1154329776763916 seconds
2020-10-04 13:48:32,037 - root - INFO - SUCCESS    Clear and type element: <xpath->//input[starts-with(@name,'accountnumber') and @placeholder = '1234']> content: 8888, Spend 0.08313775062561035 seconds
2020-10-04 13:48:34,160 - root - INFO - SUCCESS    Clicked element: <xpath->//span[text()='Continue']>, Spend 0.11871790885925293 seconds
2020-10-04 13:48:39,871 - root - INFO - SUCCESS    Navigated to https://go.xero.com/Bank/BankAccounts.aspx, Spend 5.7101969718933105 seconds
2020-10-04 13:48:42,214 - root - INFO - SUCCESS    Navigated to https://go.xero.com/GeneralLedger/ChartOfAccounts.aspx, Spend 2.332087755203247 seconds
2020-10-04 13:48:42,823 - root - INFO - SUCCESS    Clear and type element: <xpath->//*[@name='SearchTermsText']> content: TestFromTristan20201004134821, Spend 0.6073379516601562 seconds
2020-10-04 13:48:42,904 - root - INFO - SUCCESS    Clicked element: <xpath->//span[text()='Search']/..>, Spend 0.0811929702758789 seconds
2020-10-04 13:48:43,047 - root - INFO - SUCCESS    Clicked element: <xpath->//input[@type='checkbox' and @title='Select all accounts']>, Spend 0.14222478866577148 seconds
2020-10-04 13:48:43,191 - root - INFO - SUCCESS    Clicked element: <xpath->//a[text()='Delete']>, Spend 0.1412661075592041 seconds
2020-10-04 13:48:53,330 - root - INFO - FAIL    Unable to click element: <xpath->//a[@id='popupOK']>, Spend 10.137349128723145 seconds
2020-10-04 13:48:54,502 - root - INFO - SUCCESS    Closed all window and quit the driver, Spend 1.1711268424987793 seconds
2020-10-04 13:48:54,503 - root - INFO - ###############################  End  ###############################
2020-10-04 13:49:18,508 - root - INFO - ############################### START ###############################
2020-10-04 13:49:21,418 - root - INFO - SUCCESS    Start a new browser: chrome, Spend 2.9089343547821045 seconds
2020-10-04 13:49:32,899 - root - INFO - SUCCESS    Navigated to https://login.xero.com/, Spend 11.479779720306396 seconds
2020-10-04 13:49:33,542 - root - INFO - SUCCESS    Get current window title as Login | Xero Accounting Software, Spend 0.6429190635681152 seconds
2020-10-04 13:49:33,726 - root - INFO - SUCCESS    Clear and type element: <xpath->//*[@id="email"]> content: testsxero07@gmail.com, Spend 0.18332290649414062 seconds
2020-10-04 13:49:33,873 - root - INFO - SUCCESS    Clear and type element: <xpath->//*[@id="password"]> content: Prove2020!!, Spend 0.1461348533630371 seconds
2020-10-04 13:49:47,092 - root - INFO - SUCCESS    Clicked element: <xpath->//*[@id="submitButton"]>, Spend 13.21774411201477 seconds
2020-10-04 13:49:56,187 - root - INFO - SUCCESS    Navigated to https://go.xero.com/OrganisationLogin/?shortCode=!xX37G, Spend 1.904670000076294 seconds
2020-10-04 13:49:56,432 - root - INFO - SUCCESS    Get current window title as Xero | Dashboard | test002, Spend 0.24460291862487793 seconds
2020-10-04 13:50:00,955 - root - INFO - SUCCESS    Navigated to https://go.xero.com/Bank/BankAccounts.aspx, Spend 2.517157793045044 seconds
2020-10-04 13:50:02,965 - root - INFO - SUCCESS    Get current window title as Xero | Bank accounts | test002, Spend 0.004369258880615234 seconds
2020-10-04 13:50:04,774 - root - INFO - SUCCESS    Clicked element: <xpath->//span[text()='Add Bank Account']>, Spend 1.808262825012207 seconds
2020-10-04 13:50:05,890 - root - INFO - SUCCESS    Element: <xpath->//li[text()='ANZ (NZ)']> is exist, Spend 1.1154699325561523 seconds
2020-10-04 13:50:06,104 - root - INFO - SUCCESS    Clicked element: <xpath->//li[text()='ANZ (NZ)']>, Spend 0.21328496932983398 seconds
2020-10-04 13:50:08,338 - root - INFO - SUCCESS    Clear and type element: <css->input[name^='accountname']> content: TestFromTristan20201004135006, Spend 0.22356104850769043 seconds
2020-10-04 13:50:10,470 - root - INFO - SUCCESS    Clicked element: <css->input[name^='accounttype']>, Spend 0.1278998851776123 seconds
2020-10-04 13:50:12,558 - root - INFO - SUCCESS    Clicked element: <xpath->//li[text()='Credit Card']>, Spend 0.0853428840637207 seconds
2020-10-04 13:50:16,670 - root - INFO - SUCCESS    Clicked element: <xpath->//input[starts-with(@name,'accountnumber') and @placeholder = '1234']>, Spend 0.10628795623779297 seconds
2020-10-04 13:50:16,735 - root - INFO - SUCCESS    Clear and type element: <xpath->//input[starts-with(@name,'accountnumber') and @placeholder = '1234']> content: 8888, Spend 0.06414008140563965 seconds
2020-10-04 13:50:18,878 - root - INFO - SUCCESS    Clicked element: <xpath->//span[text()='Continue']>, Spend 0.13781404495239258 seconds
2020-10-04 13:50:23,303 - root - INFO - SUCCESS    Navigated to https://go.xero.com/Bank/BankAccounts.aspx, Spend 4.423979997634888 seconds
2020-10-04 13:50:25,875 - root - INFO - SUCCESS    Navigated to https://go.xero.com/GeneralLedger/ChartOfAccounts.aspx, Spend 2.562422037124634 seconds
2020-10-04 13:50:26,503 - root - INFO - SUCCESS    Clear and type element: <xpath->//*[@name='SearchTermsText']> content: TestFromTristan20201004135006, Spend 0.6266207695007324 seconds
2020-10-04 13:50:28,018 - root - INFO - SUCCESS    Clicked element: <xpath->//span[text()='Search']/..>, Spend 1.5142130851745605 seconds
2020-10-04 13:50:28,078 - root - INFO - SUCCESS    Clicked element: <xpath->//input[@type='checkbox' and @title='Select all accounts']>, Spend 0.05984210968017578 seconds
2020-10-04 13:50:28,272 - root - INFO - SUCCESS    Clicked element: <xpath->//a[text()='Delete']>, Spend 0.19256186485290527 seconds
2020-10-04 13:50:30,940 - root - INFO - SUCCESS    Clicked element: <xpath->//a[@id='popupOK']>, Spend 2.667217969894409 seconds
2020-10-04 13:50:31,590 - root - INFO - SUCCESS    Clear and type element: <xpath->//*[@name='SearchTermsText']> content: TestFromTristan20201004135006, Spend 0.6493949890136719 seconds
2020-10-04 13:50:32,844 - root - INFO - SUCCESS    Clicked element: <xpath->//span[text()='Search']/..>, Spend 1.2527520656585693 seconds
2020-10-04 13:50:43,001 - root - INFO - SUCCESS    Element: <xpath->//table[@id='chartOfAccounts']/tbody/tr> is not exist, Spend 10.155493021011353 seconds
2020-10-04 13:50:45,192 - root - INFO - SUCCESS    Closed all window and quit the driver, Spend 2.18900990486145 seconds
2020-10-04 13:50:45,194 - root - INFO - ###############################  End  ###############################
2020-10-04 14:11:05,493 - root - INFO - ############################### START ###############################
2020-10-04 14:11:08,078 - root - INFO - SUCCESS    Start a new browser: chrome, Spend 2.5832459926605225 seconds
2020-10-04 14:11:22,179 - root - INFO - SUCCESS    Navigated to https://login.xero.com/, Spend 14.098713159561157 seconds
2020-10-04 14:11:22,993 - root - INFO - SUCCESS    Get current window title as Login | Xero Accounting Software, Spend 0.8124258518218994 seconds
2020-10-04 14:11:23,211 - root - INFO - SUCCESS    Clear and type element: <xpath->//*[@id="email"]> content: testsxero07@gmail.com, Spend 0.21660614013671875 seconds
2020-10-04 14:11:23,309 - root - INFO - SUCCESS    Clear and type element: <xpath->//*[@id="password"]> content: Prove2020!!, Spend 0.09781789779663086 seconds
2020-10-04 14:11:37,040 - root - INFO - SUCCESS    Clicked element: <xpath->//*[@id="submitButton"]>, Spend 13.729172945022583 seconds
2020-10-04 14:11:48,491 - root - INFO - SUCCESS    Navigated to https://go.xero.com/OrganisationLogin/?shortCode=!xX37G, Spend 4.249881029129028 seconds
2020-10-04 14:11:48,495 - root - INFO - SUCCESS    Get current window title as Xero | Dashboard | test002, Spend 0.003835916519165039 seconds
2020-10-04 14:11:53,071 - root - INFO - SUCCESS    Navigated to https://go.xero.com/Bank/BankAccounts.aspx, Spend 2.573420763015747 seconds
2020-10-04 14:11:55,078 - root - INFO - SUCCESS    Get current window title as Xero | Bank accounts | test002, Spend 0.005707979202270508 seconds
2020-10-04 14:11:57,035 - root - INFO - SUCCESS    Clicked element: <xpath->//span[text()='Add Bank Account']>, Spend 1.9559650421142578 seconds
2020-10-04 14:11:58,238 - root - INFO - SUCCESS    Element: <xpath->//li[text()='ANZ (NZ)']> is exist, Spend 1.2021141052246094 seconds
2020-10-04 14:11:58,485 - root - INFO - SUCCESS    Clicked element: <xpath->//li[text()='ANZ (NZ)']>, Spend 0.24615716934204102 seconds
2020-10-04 14:12:00,725 - root - INFO - SUCCESS    Clear and type element: <css->input[name^='accountname']> content: TestFromTristan20201004141158, Spend 0.2311570644378662 seconds
2020-10-04 14:12:02,824 - root - INFO - SUCCESS    Clicked element: <css->input[name^='accounttype']>, Spend 0.09423685073852539 seconds
2020-10-04 14:12:04,930 - root - INFO - SUCCESS    Clicked element: <xpath->//li[text()='Credit Card']>, Spend 0.10015010833740234 seconds
2020-10-04 14:12:09,064 - root - INFO - SUCCESS    Clicked element: <xpath->//input[starts-with(@name,'accountnumber') and @placeholder = '1234']>, Spend 0.13012290000915527 seconds
2020-10-04 14:12:09,128 - root - INFO - SUCCESS    Clear and type element: <xpath->//input[starts-with(@name,'accountnumber') and @placeholder = '1234']> content: 8888, Spend 0.06289792060852051 seconds
2020-10-04 14:12:11,240 - root - INFO - SUCCESS    Clicked element: <xpath->//span[text()='Continue']>, Spend 0.10768389701843262 seconds
2020-10-04 14:12:15,771 - root - INFO - SUCCESS    Navigated to https://go.xero.com/Bank/BankAccounts.aspx, Spend 4.530044317245483 seconds
2020-10-04 14:12:18,548 - root - INFO - SUCCESS    Navigated to https://go.xero.com/GeneralLedger/ChartOfAccounts.aspx, Spend 2.7665579319000244 seconds
2020-10-04 14:12:19,271 - root - INFO - SUCCESS    Clear and type element: <xpath->//*[@name='SearchTermsText']> content: TestFromTristan20201004141158, Spend 0.7228100299835205 seconds
2020-10-04 14:12:20,713 - root - INFO - SUCCESS    Clicked element: <xpath->//span[text()='Search']/..>, Spend 1.4409310817718506 seconds
2020-10-04 14:12:20,781 - root - INFO - SUCCESS    Clicked element: <xpath->//input[@type='checkbox' and @title='Select all accounts']>, Spend 0.06731700897216797 seconds
2020-10-04 14:12:20,962 - root - INFO - SUCCESS    Clicked element: <xpath->//a[text()='Delete']>, Spend 0.18018889427185059 seconds
2020-10-04 14:12:24,044 - root - INFO - SUCCESS    Clicked element: <xpath->//a[@id='popupOK']>, Spend 3.081460952758789 seconds
2020-10-04 14:12:24,778 - root - INFO - SUCCESS    Clear and type element: <xpath->//*[@name='SearchTermsText']> content: TestFromTristan20201004141158, Spend 0.7333171367645264 seconds
2020-10-04 14:12:27,058 - root - INFO - SUCCESS    Clicked element: <xpath->//span[text()='Search']/..>, Spend 2.279482841491699 seconds
2020-10-04 14:12:37,190 - root - INFO - SUCCESS    Element: <xpath->//table[@id='chartOfAccounts']/tbody/tr> is not exist, Spend 10.129970073699951 seconds
2020-10-04 14:12:39,386 - root - INFO - SUCCESS    Closed all window and quit the driver, Spend 2.1931512355804443 seconds
2020-10-04 14:12:39,388 - root - INFO - ###############################  End  ###############################
